2021/11/14 09:24:29.792  [I] [log.go:23]  info
2021/11/14 09:24:30.460  [I] [log.go:12]  database init successfully
2021/11/14 09:24:30.606  [I] [log.go:12]  redis: PONG
2021/11/14 09:24:30.606  [I] [log.go:12]  redis init successfully
2021/11/14 10:24:57.796  [I] [log.go:23]  info
2021/11/14 10:24:58.116  [I] [log.go:12]  database init successfully
2021/11/14 10:24:58.247  [I] [log.go:12]  redis: PONG
2021/11/14 10:24:58.247  [I] [log.go:12]  redis init successfully
2021/11/14 10:26:51.387  [I] [log.go:23]  info
2021/11/14 10:26:51.710  [I] [log.go:12]  database init successfully
2021/11/14 10:26:51.850  [I] [log.go:12]  redis: PONG
2021/11/14 10:26:51.850  [I] [log.go:12]  redis init successfully
2021/11/14 10:32:54.890  [I] [log.go:23]  info
2021/11/14 10:32:55.230  [I] [log.go:12]  database init successfully
2021/11/14 10:32:55.395  [I] [log.go:12]  redis: PONG
2021/11/14 10:32:55.395  [I] [log.go:12]  redis init successfully
2021/11/14 10:34:19.633  [I] [log.go:23]  info
2021/11/14 10:34:19.981  [I] [log.go:12]  database init successfully
2021/11/14 10:34:20.144  [I] [log.go:12]  redis: PONG
2021/11/14 10:34:20.144  [I] [log.go:12]  redis init successfully
2021/11/14 10:34:56.316  [I] [log.go:23]  info
2021/11/14 10:34:56.644  [I] [log.go:12]  database init successfully
2021/11/14 10:34:56.774  [I] [log.go:12]  redis: PONG
2021/11/14 10:34:56.774  [I] [log.go:12]  redis init successfully
2021/11/14 10:56:00.229  [I] [log.go:23]  info
2021/11/14 10:56:00.533  [I] [log.go:12]  database init successfully
2021/11/14 10:56:00.658  [I] [log.go:12]  redis: PONG
2021/11/14 10:56:00.658  [I] [log.go:12]  redis init successfully
2021/11/14 11:00:39.131  [I] [log.go:23]  info
2021/11/14 11:00:39.464  [I] [log.go:12]  database init successfully
2021/11/14 11:00:39.635  [I] [log.go:12]  redis: PONG
2021/11/14 11:00:39.635  [I] [log.go:12]  redis init successfully
2021/11/14 11:02:36.072  [I] [log.go:23]  info
2021/11/14 11:02:36.371  [I] [log.go:12]  database init successfully
2021/11/14 11:02:36.515  [I] [log.go:12]  redis: PONG
2021/11/14 11:02:36.515  [I] [log.go:12]  redis init successfully
2021/11/14 11:08:15.743  [I] [log.go:23]  info
2021/11/14 11:08:16.073  [I] [log.go:12]  database init successfully
2021/11/14 11:08:16.215  [I] [log.go:12]  redis: PONG
2021/11/14 11:08:16.215  [I] [log.go:12]  redis init successfully
2021/11/14 11:10:00.443  [I] [log.go:23]  info
2021/11/14 11:10:00.789  [I] [log.go:12]  database init successfully
2021/11/14 11:10:00.912  [I] [log.go:12]  redis: PONG
2021/11/14 11:10:00.912  [I] [log.go:12]  redis init successfully
2021/11/14 11:10:32.457  [I] [log.go:23]  info
2021/11/14 11:10:32.733  [I] [log.go:12]  database init successfully
2021/11/14 11:10:32.883  [I] [log.go:12]  redis: PONG
2021/11/14 11:10:32.883  [I] [log.go:12]  redis init successfully
2021/11/14 11:14:30.013  [I] [log.go:23]  info
2021/11/14 11:14:30.366  [I] [log.go:12]  database init successfully
2021/11/14 11:14:30.503  [I] [log.go:12]  redis: PONG
2021/11/14 11:14:30.503  [I] [log.go:12]  redis init successfully
2021/11/14 11:14:51.193  [I] [log.go:23]  info
2021/11/14 11:14:51.498  [I] [log.go:12]  database init successfully
2021/11/14 11:14:51.657  [I] [log.go:12]  redis: PONG
2021/11/14 11:14:51.657  [I] [log.go:12]  redis init successfully
2021/11/14 11:16:57.023  [I] [log.go:23]  info
2021/11/14 11:16:57.392  [I] [log.go:12]  database init successfully
2021/11/14 11:16:57.524  [I] [log.go:12]  redis: PONG
2021/11/14 11:16:57.524  [I] [log.go:12]  redis init successfully
2021/11/14 11:51:37.825  [I] [log.go:23]  info
2021/11/14 11:51:38.158  [I] [log.go:12]  database init successfully
2021/11/14 11:51:38.316  [I] [log.go:12]  redis: PONG
2021/11/14 11:51:38.316  [I] [log.go:12]  redis init successfully
2021/11/14 15:33:56.195  [I] [log.go:23]  info
2021/11/14 15:33:56.474  [I] [log.go:12]  database init successfully
2021/11/14 15:33:56.606  [I] [log.go:12]  redis: PONG
2021/11/14 15:33:56.606  [I] [log.go:12]  redis init successfully
2021/11/14 15:54:12.262  [I] [log.go:23]  info
2021/11/14 15:54:12.605  [I] [log.go:12]  database init successfully
2021/11/14 15:54:12.747  [I] [log.go:12]  redis: PONG
2021/11/14 15:54:12.747  [I] [log.go:12]  redis init successfully
2021/11/14 15:58:00.284  [I] [log.go:23]  info
2021/11/14 15:58:00.603  [I] [log.go:12]  database init successfully
2021/11/14 15:58:00.738  [I] [log.go:12]  redis: PONG
2021/11/14 15:58:00.738  [I] [log.go:12]  redis init successfully
2021/11/14 18:41:22.403  [I] [log.go:23]  info
2021/11/14 18:41:22.740  [I] [log.go:12]  database init successfully
2021/11/14 18:41:22.886  [I] [log.go:12]  redis: PONG
2021/11/14 18:41:22.886  [I] [log.go:12]  redis init successfully
2021/11/14 18:44:44.335  [I] [log.go:23]  info
2021/11/14 18:44:44.613  [I] [log.go:12]  database init successfully
2021/11/14 18:44:44.761  [I] [log.go:12]  redis: PONG
2021/11/14 18:44:44.761  [I] [log.go:12]  redis init successfully
2021/11/14 18:52:00.288  [I] [log.go:23]  info
2021/11/14 18:52:00.669  [I] [log.go:12]  database init successfully
2021/11/14 18:52:00.814  [I] [log.go:12]  redis: PONG
2021/11/14 18:52:00.814  [I] [log.go:12]  redis init successfully
2021/11/14 18:53:44.563  [I] [log.go:23]  info
2021/11/14 18:53:44.956  [I] [log.go:12]  database init successfully
2021/11/14 18:53:45.119  [I] [log.go:12]  redis: PONG
2021/11/14 18:53:45.119  [I] [log.go:12]  redis init successfully
2021/11/14 18:54:41.822  [I] [log.go:23]  info
2021/11/14 18:54:42.181  [I] [log.go:12]  database init successfully
2021/11/14 18:54:42.335  [I] [log.go:12]  redis: PONG
2021/11/14 18:54:42.335  [I] [log.go:12]  redis init successfully
2021/11/14 22:37:54.124  [I] [log.go:23]  info
2021/11/14 22:37:54.499  [I] [log.go:12]  database init successfully
2021/11/14 22:37:54.674  [I] [log.go:12]  redis: PONG
2021/11/14 22:37:54.674  [I] [log.go:12]  redis init successfully
2021/11/14 22:42:47.979  [I] [log.go:23]  info
2021/11/14 22:42:48.298  [I] [log.go:12]  database init successfully
2021/11/14 22:42:48.437  [I] [log.go:12]  redis: PONG
2021/11/14 22:42:48.437  [I] [log.go:12]  redis init successfully
2021/11/15 09:59:10.668  [I] [log.go:23]  info
2021/11/15 09:59:11.025  [I] [log.go:12]  database init successfully
2021/11/15 09:59:11.169  [I] [log.go:12]  redis: PONG
2021/11/15 09:59:11.169  [I] [log.go:12]  redis init successfully
2021/11/15 16:02:43.403  [I] [log.go:23]  info
2021/11/15 16:02:43.771  [I] [log.go:12]  database init successfully
2021/11/15 16:02:43.939  [I] [log.go:12]  redis: PONG
2021/11/15 16:02:43.939  [I] [log.go:12]  redis init successfully
2021/11/15 17:11:42.756  [I] [log.go:23]  info
2021/11/15 17:11:43.021  [I] [log.go:12]  database init successfully
2021/11/15 17:11:43.155  [I] [log.go:12]  redis: PONG
2021/11/15 17:11:43.155  [I] [log.go:12]  redis init successfully
2021/11/15 17:12:33.698  [I] [log.go:23]  info
2021/11/15 17:12:33.989  [I] [log.go:12]  database init successfully
2021/11/15 17:12:34.120  [I] [log.go:12]  redis: PONG
2021/11/15 17:12:34.120  [I] [log.go:12]  redis init successfully
2021/11/15 17:14:07.452  [I] [log.go:23]  info
2021/11/15 17:14:07.835  [I] [log.go:12]  database init successfully
2021/11/15 17:14:07.998  [I] [log.go:12]  redis: PONG
2021/11/15 17:14:07.998  [I] [log.go:12]  redis init successfully
2021/11/15 17:16:04.826  [I] [log.go:23]  info
2021/11/15 17:16:05.179  [I] [log.go:12]  database init successfully
2021/11/15 17:16:05.325  [I] [log.go:12]  redis: PONG
2021/11/15 17:16:05.325  [I] [log.go:12]  redis init successfully
2021/11/16 10:11:39.861  [I] [log.go:23]  info
2021/11/16 10:11:41.220  [I] [log.go:12]  database init successfully
2021/11/16 10:11:41.358  [I] [log.go:12]  redis: PONG
2021/11/16 10:11:41.358  [I] [log.go:12]  redis init successfully
2021/11/16 15:16:25.308  [I] [log.go:23]  info
2021/11/16 15:16:25.638  [I] [log.go:12]  database init successfully
2021/11/16 15:16:25.788  [I] [log.go:12]  redis: PONG
2021/11/16 15:16:25.788  [I] [log.go:12]  redis init successfully
2021/11/16 16:15:25.202  [I] [log.go:23]  info
2021/11/16 16:15:25.546  [I] [log.go:12]  database init successfully
2021/11/16 16:15:25.694  [I] [log.go:12]  redis: PONG
2021/11/16 16:15:25.695  [I] [log.go:12]  redis init successfully
2021/11/16 17:24:38.863  [I] [log.go:23]  info
2021/11/16 17:24:39.179  [I] [log.go:12]  database init successfully
2021/11/16 17:24:39.327  [I] [log.go:12]  redis: PONG
2021/11/16 17:24:39.327  [I] [log.go:12]  redis init successfully
2021/11/16 22:25:15.503  [I] [log.go:23]  info
2021/11/16 22:25:15.825  [I] [log.go:12]  database init successfully
2021/11/16 22:25:15.989  [I] [log.go:12]  redis: PONG
2021/11/16 22:25:15.989  [I] [log.go:12]  redis init successfully
2021/11/16 22:26:17.783  [I] [log.go:23]  info
2021/11/16 22:26:18.142  [I] [log.go:12]  database init successfully
2021/11/16 22:26:18.309  [I] [log.go:12]  redis: PONG
2021/11/16 22:26:18.309  [I] [log.go:12]  redis init successfully
2021/11/17 10:25:11.412  [I] [log.go:23]  info
2021/11/17 10:25:12.406  [I] [log.go:12]  database init successfully
2021/11/17 10:25:12.562  [I] [log.go:12]  redis: PONG
2021/11/17 10:25:12.562  [I] [log.go:12]  redis init successfully
2021/11/17 10:34:20.870  [I] [log.go:23]  info
2021/11/17 10:34:21.181  [I] [log.go:12]  database init successfully
2021/11/17 10:34:21.302  [I] [log.go:12]  redis: PONG
2021/11/17 10:34:21.302  [I] [log.go:12]  redis init successfully
2021/11/17 10:35:30.450  [I] [log.go:23]  info
2021/11/17 10:35:30.804  [I] [log.go:12]  database init successfully
2021/11/17 10:35:30.940  [I] [log.go:12]  redis: PONG
2021/11/17 10:35:30.940  [I] [log.go:12]  redis init successfully
2021/11/17 14:47:39.720  [I] [log.go:23]  info
2021/11/17 14:47:40.041  [I] [log.go:12]  database init successfully
2021/11/17 14:47:40.178  [I] [log.go:12]  redis: PONG
2021/11/17 14:47:40.178  [I] [log.go:12]  redis init successfully
2021/11/17 14:53:35.283  [I] [log.go:23]  info
2021/11/17 14:53:35.656  [I] [log.go:12]  database init successfully
2021/11/17 14:53:35.813  [I] [log.go:12]  redis: PONG
2021/11/17 14:53:35.813  [I] [log.go:12]  redis init successfully
2021/11/17 16:18:40.135  [I] [log.go:23]  info
2021/11/17 16:18:40.501  [I] [log.go:12]  database init successfully
2021/11/17 16:18:40.622  [I] [log.go:12]  redis: PONG
2021/11/17 16:18:40.622  [I] [log.go:12]  redis init successfully
2021/11/17 16:25:04.855  [I] [log.go:23]  info
2021/11/17 16:25:05.126  [I] [log.go:12]  database init successfully
2021/11/17 16:25:05.245  [I] [log.go:12]  redis: PONG
2021/11/17 16:25:05.245  [I] [log.go:12]  redis init successfully
2021/11/17 16:59:27.634  [I] [log.go:23]  info
2021/11/17 16:59:27.979  [I] [log.go:12]  database init successfully
2021/11/17 16:59:28.123  [I] [log.go:12]  redis: PONG
2021/11/17 16:59:28.123  [I] [log.go:12]  redis init successfully
2021/11/17 17:04:19.829  [I] [log.go:23]  info
2021/11/17 17:04:20.131  [I] [log.go:12]  database init successfully
2021/11/17 17:04:20.287  [I] [log.go:12]  redis: PONG
2021/11/17 17:04:20.287  [I] [log.go:12]  redis init successfully
2021/11/17 17:09:49.846  [I] [log.go:23]  info
2021/11/17 17:09:50.183  [I] [log.go:12]  database init successfully
2021/11/17 17:09:50.310  [I] [log.go:12]  redis: PONG
2021/11/17 17:09:50.310  [I] [log.go:12]  redis init successfully
2021/11/17 17:20:54.665  [I] [log.go:23]  info
2021/11/17 17:20:54.985  [I] [log.go:12]  database init successfully
2021/11/17 17:20:55.107  [I] [log.go:12]  redis: PONG
2021/11/17 17:20:55.107  [I] [log.go:12]  redis init successfully
2021/11/17 18:02:23.881  [I] [log.go:23]  info
2021/11/17 18:02:24.167  [I] [log.go:12]  database init successfully
2021/11/17 18:02:24.306  [I] [log.go:12]  redis: PONG
2021/11/17 18:02:24.306  [I] [log.go:12]  redis init successfully
2021/11/17 18:04:40.837  [I] [log.go:23]  info
2021/11/17 18:04:41.155  [I] [log.go:12]  database init successfully
2021/11/17 18:04:41.280  [I] [log.go:12]  redis: PONG
2021/11/17 18:04:41.281  [I] [log.go:12]  redis init successfully
2021/11/17 18:11:08.199  [I] [log.go:23]  info
2021/11/17 18:11:08.464  [I] [log.go:12]  database init successfully
2021/11/17 18:11:08.628  [I] [log.go:12]  redis: PONG
2021/11/17 18:11:08.628  [I] [log.go:12]  redis init successfully
2021/11/17 18:33:59.326  [I] [log.go:23]  info
2021/11/17 18:33:59.688  [I] [log.go:12]  database init successfully
2021/11/17 18:33:59.849  [I] [log.go:12]  redis: PONG
2021/11/17 18:33:59.849  [I] [log.go:12]  redis init successfully
2021/11/17 21:08:10.016  [I] [log.go:23]  info
2021/11/17 21:08:10.373  [I] [log.go:12]  database init successfully
2021/11/17 21:08:10.535  [I] [log.go:12]  redis: PONG
2021/11/17 21:08:10.535  [I] [log.go:12]  redis init successfully
2021/11/17 21:59:57.323  [I] [log.go:23]  info
2021/11/17 21:59:57.627  [I] [log.go:12]  database init successfully
2021/11/17 21:59:57.752  [I] [log.go:12]  redis: PONG
2021/11/17 21:59:57.752  [I] [log.go:12]  redis init successfully
2021/11/17 22:08:56.119  [I] [log.go:23]  info
2021/11/17 22:08:56.441  [I] [log.go:12]  database init successfully
2021/11/17 22:08:56.572  [I] [log.go:12]  redis: PONG
2021/11/17 22:08:56.572  [I] [log.go:12]  redis init successfully
2021/11/18 10:36:45.209  [I] [log.go:23]  info
2021/11/18 10:36:46.745  [I] [log.go:12]  database init successfully
2021/11/18 10:36:46.894  [I] [log.go:12]  redis: PONG
2021/11/18 10:36:46.894  [I] [log.go:12]  redis init successfully
2021/11/18 10:46:24.787  [I] [log.go:23]  info
2021/11/18 10:46:25.151  [I] [log.go:12]  database init successfully
2021/11/18 10:46:25.300  [I] [log.go:12]  redis: PONG
2021/11/18 10:46:25.300  [I] [log.go:12]  redis init successfully
2021/11/18 10:47:14.314  [I] [log.go:23]  info
2021/11/18 10:47:14.625  [I] [log.go:12]  database init successfully
2021/11/18 10:47:14.774  [I] [log.go:12]  redis: PONG
2021/11/18 10:47:14.774  [I] [log.go:12]  redis init successfully
2021/11/18 10:51:13.783  [I] [log.go:23]  info
2021/11/18 10:51:14.127  [I] [log.go:12]  database init successfully
2021/11/18 10:51:14.243  [I] [log.go:12]  redis: PONG
2021/11/18 10:51:14.243  [I] [log.go:12]  redis init successfully
2021/11/18 10:57:38.130  [I] [log.go:23]  info
2021/11/18 10:57:38.470  [I] [log.go:12]  database init successfully
2021/11/18 10:57:38.611  [I] [log.go:12]  redis: PONG
2021/11/18 10:57:38.611  [I] [log.go:12]  redis init successfully
2021/11/18 11:10:39.658  [I] [log.go:23]  info
2021/11/18 11:10:39.991  [I] [log.go:12]  database init successfully
2021/11/18 11:10:40.162  [I] [log.go:12]  redis: PONG
2021/11/18 11:10:40.162  [I] [log.go:12]  redis init successfully
2021/11/18 14:23:38.950  [I] [log.go:23]  info
2021/11/18 14:23:38.953  [E] [log.go:8]  register db Ping `default`, dial tcp 81.68.121.120:3306: connectex: A socket operation was attempted to an unreachable host.
2021/11/18 14:23:38.953  [I] [log.go:12]  database init successfully
2021/11/18 14:23:38.957  [E] [log.go:8]  dial tcp 81.68.121.120:6379: connectex: A socket operation was attempted to an unreachable host.
2021/11/18 14:23:38.957  [E] [log.go:8]  dial tcp 81.68.104.55:5672: connectex: A socket operation was attempted to an unreachable host.
2021/11/18 14:24:04.124  [I] [log.go:23]  info
2021/11/18 14:24:04.432  [I] [log.go:12]  database init successfully
2021/11/18 14:24:04.606  [I] [log.go:12]  redis: PONG
2021/11/18 14:24:04.606  [I] [log.go:12]  redis init successfully
2021/11/18 14:55:38.995  [I] [log.go:23]  info
2021/11/18 14:55:39.293  [I] [log.go:12]  database init successfully
2021/11/18 14:55:39.432  [I] [log.go:12]  redis: PONG
2021/11/18 14:55:39.432  [I] [log.go:12]  redis init successfully
2021/11/18 15:03:42.849  [I] [log.go:23]  info
2021/11/18 15:03:43.150  [I] [log.go:12]  database init successfully
2021/11/18 15:03:43.308  [I] [log.go:12]  redis: PONG
2021/11/18 15:03:43.308  [I] [log.go:12]  redis init successfully
2021/11/18 15:07:57.248  [I] [log.go:23]  info
2021/11/18 15:07:57.610  [I] [log.go:12]  database init successfully
2021/11/18 15:07:57.748  [I] [log.go:12]  redis: PONG
2021/11/18 15:07:57.748  [I] [log.go:12]  redis init successfully
2021/11/18 15:13:23.173  [I] [log.go:23]  info
2021/11/18 15:13:23.514  [I] [log.go:12]  database init successfully
2021/11/18 15:13:23.659  [I] [log.go:12]  redis: PONG
2021/11/18 15:13:23.659  [I] [log.go:12]  redis init successfully
2021/11/18 15:35:01.895  [I] [log.go:23]  info
2021/11/18 15:35:02.213  [I] [log.go:12]  database init successfully
2021/11/18 15:35:02.358  [I] [log.go:12]  redis: PONG
2021/11/18 15:35:02.358  [I] [log.go:12]  redis init successfully
2021/11/18 15:39:51.529  [I] [log.go:23]  info
2021/11/18 15:39:51.849  [I] [log.go:12]  database init successfully
2021/11/18 15:39:51.992  [I] [log.go:12]  redis: PONG
2021/11/18 15:39:51.992  [I] [log.go:12]  redis init successfully
2021/11/18 15:45:18.618  [I] [log.go:23]  info
2021/11/18 15:45:18.957  [I] [log.go:12]  database init successfully
2021/11/18 15:45:19.091  [I] [log.go:12]  redis: PONG
2021/11/18 15:45:19.091  [I] [log.go:12]  redis init successfully
2021/11/18 15:51:58.524  [I] [log.go:23]  info
2021/11/18 15:51:58.857  [I] [log.go:12]  database init successfully
2021/11/18 15:51:59.003  [I] [log.go:12]  redis: PONG
2021/11/18 15:51:59.003  [I] [log.go:12]  redis init successfully
2021/11/18 15:55:13.826  [I] [log.go:23]  info
2021/11/18 15:55:14.201  [I] [log.go:12]  database init successfully
2021/11/18 15:55:14.327  [I] [log.go:12]  redis: PONG
2021/11/18 15:55:14.327  [I] [log.go:12]  redis init successfully
2021/11/18 16:00:23.048  [I] [log.go:23]  info
2021/11/18 16:00:23.367  [I] [log.go:12]  database init successfully
2021/11/18 16:00:23.513  [I] [log.go:12]  redis: PONG
2021/11/18 16:00:23.513  [I] [log.go:12]  redis init successfully
2021/11/18 16:14:35.358  [I] [log.go:23]  info
2021/11/18 16:14:35.703  [I] [log.go:12]  database init successfully
2021/11/18 16:14:35.840  [I] [log.go:12]  redis: PONG
2021/11/18 16:14:35.840  [I] [log.go:12]  redis init successfully
2021/11/18 16:34:32.168  [I] [log.go:23]  info
2021/11/18 16:34:32.549  [I] [log.go:12]  database init successfully
2021/11/18 16:34:32.712  [I] [log.go:12]  redis: PONG
2021/11/18 16:34:32.712  [I] [log.go:12]  redis init successfully
2021/11/18 16:51:26.867  [I] [log.go:23]  info
2021/11/18 16:51:27.156  [I] [log.go:12]  database init successfully
2021/11/18 16:51:27.291  [I] [log.go:12]  redis: PONG
2021/11/18 16:51:27.291  [I] [log.go:12]  redis init successfully
2021/11/18 16:51:44.890  [I] [log.go:23]  info
2021/11/18 16:51:45.259  [I] [log.go:12]  database init successfully
2021/11/18 16:51:45.429  [I] [log.go:12]  redis: PONG
2021/11/18 16:51:45.429  [I] [log.go:12]  redis init successfully
2021/11/18 16:57:26.070  [I] [log.go:23]  info
2021/11/18 16:57:26.436  [I] [log.go:12]  database init successfully
2021/11/18 16:57:26.598  [I] [log.go:12]  redis: PONG
2021/11/18 16:57:26.598  [I] [log.go:12]  redis init successfully
2021/11/18 21:21:26.453  [I] [log.go:23]  info
2021/11/18 21:21:26.724  [I] [log.go:12]  database init successfully
2021/11/18 21:21:26.850  [I] [log.go:12]  redis: PONG
2021/11/18 21:21:26.850  [I] [log.go:12]  redis init successfully
2021/11/18 22:03:50.928  [I] [log.go:23]  info
2021/11/18 22:03:51.289  [I] [log.go:12]  database init successfully
2021/11/18 22:03:51.447  [I] [log.go:12]  redis: PONG
2021/11/18 22:03:51.447  [I] [log.go:12]  redis init successfully
2021/11/18 22:25:05.467  [I] [log.go:23]  info
2021/11/18 22:25:05.761  [I] [log.go:12]  database init successfully
2021/11/18 22:25:05.907  [I] [log.go:12]  redis: PONG
2021/11/18 22:25:05.908  [I] [log.go:12]  redis init successfully
2021/11/18 22:45:12.823  [I] [log.go:23]  info
2021/11/18 22:45:13.232  [I] [log.go:12]  database init successfully
2021/11/18 22:45:13.387  [I] [log.go:12]  redis: PONG
2021/11/18 22:45:13.387  [I] [log.go:12]  redis init successfully
2021/11/19 10:19:21.772  [I] [log.go:23]  info
2021/11/19 10:19:22.226  [I] [log.go:12]  database init successfully
2021/11/19 10:19:22.391  [I] [log.go:12]  redis: PONG
2021/11/19 10:19:22.391  [I] [log.go:12]  redis init successfully
2021/11/19 10:25:25.292  [I] [log.go:23]  info
2021/11/19 10:25:25.554  [I] [log.go:12]  database init successfully
2021/11/19 10:25:25.720  [I] [log.go:12]  redis: PONG
2021/11/19 10:25:25.720  [I] [log.go:12]  redis init successfully
2021/11/19 10:36:42.292  [I] [log.go:23]  info
2021/11/19 10:36:42.603  [I] [log.go:12]  database init successfully
2021/11/19 10:36:42.752  [I] [log.go:12]  redis: PONG
2021/11/19 10:36:42.752  [I] [log.go:12]  redis init successfully
2021/11/19 10:42:25.314  [I] [log.go:23]  info
2021/11/19 10:42:25.587  [I] [log.go:12]  database init successfully
2021/11/19 10:42:25.730  [I] [log.go:12]  redis: PONG
2021/11/19 10:42:25.730  [I] [log.go:12]  redis init successfully
2021/11/19 10:59:32.763  [I] [log.go:23]  info
2021/11/19 10:59:33.111  [I] [log.go:12]  database init successfully
2021/11/19 10:59:33.243  [I] [log.go:12]  redis: PONG
2021/11/19 10:59:33.243  [I] [log.go:12]  redis init successfully
2021/11/19 15:04:36.478  [I] [log.go:23]  info
2021/11/19 15:04:36.806  [I] [log.go:12]  database init successfully
2021/11/19 15:04:36.968  [I] [log.go:12]  redis: PONG
2021/11/19 15:04:36.968  [I] [log.go:12]  redis init successfully
2021/11/19 15:06:37.700  [I] [log.go:23]  info
2021/11/19 15:06:38.029  [I] [log.go:12]  database init successfully
2021/11/19 15:06:38.148  [I] [log.go:12]  redis: PONG
2021/11/19 15:06:38.148  [I] [log.go:12]  redis init successfully
2021/11/19 15:08:20.915  [I] [log.go:23]  info
2021/11/19 15:08:21.305  [I] [log.go:12]  database init successfully
2021/11/19 15:08:21.454  [I] [log.go:12]  redis: PONG
2021/11/19 15:08:21.454  [I] [log.go:12]  redis init successfully
2021/11/19 15:09:51.016  [I] [log.go:23]  info
2021/11/19 15:09:51.364  [I] [log.go:12]  database init successfully
2021/11/19 15:09:51.535  [I] [log.go:12]  redis: PONG
2021/11/19 15:09:51.535  [I] [log.go:12]  redis init successfully
2021/11/19 15:10:31.307  [I] [log.go:23]  info
2021/11/19 15:10:31.620  [I] [log.go:12]  database init successfully
2021/11/19 15:10:31.740  [I] [log.go:12]  redis: PONG
2021/11/19 15:10:31.740  [I] [log.go:12]  redis init successfully
2021/11/19 15:11:04.116  [I] [log.go:23]  info
2021/11/19 15:11:04.404  [I] [log.go:12]  database init successfully
2021/11/19 15:11:04.574  [I] [log.go:12]  redis: PONG
2021/11/19 15:11:04.574  [I] [log.go:12]  redis init successfully
2021/11/19 15:20:41.842  [I] [log.go:23]  info
2021/11/19 15:20:42.217  [I] [log.go:12]  database init successfully
2021/11/19 15:20:42.358  [I] [log.go:12]  redis: PONG
2021/11/19 15:20:42.358  [I] [log.go:12]  redis init successfully
2021/11/19 15:27:32.599  [I] [log.go:23]  info
2021/11/19 15:27:32.924  [I] [log.go:12]  database init successfully
2021/11/19 15:27:33.073  [I] [log.go:12]  redis: PONG
2021/11/19 15:27:33.073  [I] [log.go:12]  redis init successfully
2021/11/19 15:36:00.425  [I] [log.go:23]  info
2021/11/19 15:36:00.804  [I] [log.go:12]  database init successfully
2021/11/19 15:36:00.939  [I] [log.go:12]  redis: PONG
2021/11/19 15:36:00.939  [I] [log.go:12]  redis init successfully
2021/11/19 15:36:17.157  [I] [log.go:23]  info
2021/11/19 15:36:17.460  [I] [log.go:12]  database init successfully
2021/11/19 15:36:17.619  [I] [log.go:12]  redis: PONG
2021/11/19 15:36:17.619  [I] [log.go:12]  redis init successfully
2021/11/19 15:37:15.933  [I] [log.go:23]  info
2021/11/19 15:37:16.250  [I] [log.go:12]  database init successfully
2021/11/19 15:37:16.402  [I] [log.go:12]  redis: PONG
2021/11/19 15:37:16.402  [I] [log.go:12]  redis init successfully
2021/11/19 15:49:39.190  [I] [log.go:23]  info
2021/11/19 15:49:39.555  [I] [log.go:12]  database init successfully
2021/11/19 15:49:39.710  [I] [log.go:12]  redis: PONG
2021/11/19 15:49:39.710  [I] [log.go:12]  redis init successfully
2021/11/19 15:50:25.163  [I] [log.go:23]  info
2021/11/19 15:50:25.570  [I] [log.go:12]  database init successfully
2021/11/19 15:50:25.722  [I] [log.go:12]  redis: PONG
2021/11/19 15:50:25.722  [I] [log.go:12]  redis init successfully
2021/11/19 15:51:38.508  [I] [log.go:23]  info
2021/11/19 15:51:38.839  [I] [log.go:12]  database init successfully
2021/11/19 15:51:39.008  [I] [log.go:12]  redis: PONG
2021/11/19 15:51:39.008  [I] [log.go:12]  redis init successfully
2021/11/19 15:51:52.709  [I] [log.go:23]  info
2021/11/19 15:51:53.053  [I] [log.go:12]  database init successfully
2021/11/19 15:51:53.200  [I] [log.go:12]  redis: PONG
2021/11/19 15:51:53.200  [I] [log.go:12]  redis init successfully
2021/11/19 15:55:32.633  [I] [log.go:23]  info
2021/11/19 15:55:32.951  [I] [log.go:12]  database init successfully
2021/11/19 15:55:33.105  [I] [log.go:12]  redis: PONG
2021/11/19 15:55:33.105  [I] [log.go:12]  redis init successfully
2021/11/19 15:56:05.215  [I] [log.go:23]  info
2021/11/19 15:56:05.505  [I] [log.go:12]  database init successfully
2021/11/19 15:56:05.624  [I] [log.go:12]  redis: PONG
2021/11/19 15:56:05.624  [I] [log.go:12]  redis init successfully
2021/11/19 15:56:49.067  [I] [log.go:23]  info
2021/11/19 15:56:49.344  [I] [log.go:12]  database init successfully
2021/11/19 15:56:49.527  [I] [log.go:12]  redis: PONG
2021/11/19 15:56:49.527  [I] [log.go:12]  redis init successfully
2021/11/19 15:59:41.213  [I] [log.go:23]  info
2021/11/19 15:59:41.560  [I] [log.go:12]  database init successfully
2021/11/19 15:59:41.712  [I] [log.go:12]  redis: PONG
2021/11/19 15:59:41.712  [I] [log.go:12]  redis init successfully
2021/11/19 16:07:32.962  [I] [log.go:23]  info
2021/11/19 16:07:33.347  [I] [log.go:12]  database init successfully
2021/11/19 16:07:33.478  [I] [log.go:12]  redis: PONG
2021/11/19 16:07:33.478  [I] [log.go:12]  redis init successfully
2021/11/19 16:07:52.090  [I] [log.go:23]  info
2021/11/19 16:07:52.432  [I] [log.go:12]  database init successfully
2021/11/19 16:07:52.576  [I] [log.go:12]  redis: PONG
2021/11/19 16:07:52.576  [I] [log.go:12]  redis init successfully
2021/11/19 16:38:57.302  [I] [log.go:23]  info
2021/11/19 16:38:57.645  [I] [log.go:12]  database init successfully
2021/11/19 16:38:57.761  [I] [log.go:12]  redis: PONG
2021/11/19 16:38:57.761  [I] [log.go:12]  redis init successfully
2021/11/19 17:51:03.682  [I] [log.go:23]  info
2021/11/19 17:51:03.968  [I] [log.go:12]  database init successfully
2021/11/19 17:51:04.102  [I] [log.go:12]  redis: PONG
2021/11/19 17:51:04.102  [I] [log.go:12]  redis init successfully
2021/11/19 18:03:38.185  [I] [log.go:23]  info
2021/11/19 18:03:38.539  [I] [log.go:12]  database init successfully
2021/11/19 18:03:38.674  [I] [log.go:12]  redis: PONG
2021/11/19 18:03:38.674  [I] [log.go:12]  redis init successfully
2021/11/19 18:11:43.960  [I] [log.go:23]  info
2021/11/19 18:11:44.306  [I] [log.go:12]  database init successfully
2021/11/19 18:11:44.430  [I] [log.go:12]  redis: PONG
2021/11/19 18:11:44.430  [I] [log.go:12]  redis init successfully
2021/11/19 18:17:10.803  [I] [log.go:23]  info
2021/11/19 18:17:11.194  [I] [log.go:12]  database init successfully
2021/11/19 18:17:11.337  [I] [log.go:12]  redis: PONG
2021/11/19 18:17:11.337  [I] [log.go:12]  redis init successfully
2021/11/19 18:25:50.125  [I] [log.go:23]  info
2021/11/19 18:25:50.428  [I] [log.go:12]  database init successfully
2021/11/19 18:25:50.570  [I] [log.go:12]  redis: PONG
2021/11/19 18:25:50.570  [I] [log.go:12]  redis init successfully
2021/11/19 18:35:27.381  [I] [log.go:23]  info
2021/11/19 18:35:27.655  [I] [log.go:12]  database init successfully
2021/11/19 18:35:27.812  [I] [log.go:12]  redis: PONG
2021/11/19 18:35:27.812  [I] [log.go:12]  redis init successfully
2021/11/19 20:59:13.954  [I] [log.go:23]  info
2021/11/19 20:59:15.494  [I] [log.go:12]  database init successfully
2021/11/19 20:59:15.637  [I] [log.go:12]  redis: PONG
2021/11/19 20:59:15.637  [I] [log.go:12]  redis init successfully
2021/11/19 21:46:40.552  [I] [log.go:23]  info
2021/11/19 21:46:40.929  [I] [log.go:12]  database init successfully
2021/11/19 21:46:41.073  [I] [log.go:12]  redis: PONG
2021/11/19 21:46:41.073  [I] [log.go:12]  redis init successfully
2021/11/19 21:48:07.789  [I] [log.go:23]  info
2021/11/19 21:48:08.147  [I] [log.go:12]  database init successfully
2021/11/19 21:48:08.271  [I] [log.go:12]  redis: PONG
2021/11/19 21:48:08.271  [I] [log.go:12]  redis init successfully
2021/11/19 22:41:18.339  [I] [log.go:23]  info
2021/11/19 22:41:18.693  [I] [log.go:12]  database init successfully
2021/11/19 22:41:18.834  [I] [log.go:12]  redis: PONG
2021/11/19 22:41:18.834  [I] [log.go:12]  redis init successfully
2021/11/19 23:00:01.748  [I] [log.go:23]  info
2021/11/19 23:00:02.081  [I] [log.go:12]  database init successfully
2021/11/19 23:00:02.234  [I] [log.go:12]  redis: PONG
2021/11/19 23:00:02.234  [I] [log.go:12]  redis init successfully
2021/11/19 23:04:54.974  [I] [log.go:23]  info
2021/11/19 23:04:55.295  [I] [log.go:12]  database init successfully
2021/11/19 23:04:55.416  [I] [log.go:12]  redis: PONG
2021/11/19 23:04:55.416  [I] [log.go:12]  redis init successfully
2021/11/19 23:05:23.429  [I] [log.go:23]  info
2021/11/19 23:05:23.797  [I] [log.go:12]  database init successfully
2021/11/19 23:05:23.960  [I] [log.go:12]  redis: PONG
2021/11/19 23:05:23.960  [I] [log.go:12]  redis init successfully
2021/11/19 23:07:55.085  [I] [log.go:23]  info
2021/11/19 23:07:55.415  [I] [log.go:12]  database init successfully
2021/11/19 23:07:55.665  [I] [log.go:12]  redis: PONG
2021/11/19 23:07:55.665  [I] [log.go:12]  redis init successfully
2021/11/19 23:09:06.976  [I] [log.go:23]  info
2021/11/19 23:09:07.401  [I] [log.go:12]  database init successfully
2021/11/19 23:09:07.672  [I] [log.go:12]  redis: PONG
2021/11/19 23:09:07.672  [I] [log.go:12]  redis init successfully
2021/11/20 09:13:13.302  [I] [log.go:23]  info
2021/11/20 09:13:14.940  [I] [log.go:12]  database init successfully
2021/11/20 09:13:15.088  [I] [log.go:12]  redis: PONG
2021/11/20 09:13:15.088  [I] [log.go:12]  redis init successfully
2021/11/20 10:34:49.294  [I] [log.go:23]  info
2021/11/20 10:34:49.688  [I] [log.go:12]  database init successfully
2021/11/20 10:34:49.857  [I] [log.go:12]  redis: PONG
2021/11/20 10:34:49.857  [I] [log.go:12]  redis init successfully
2021/11/20 10:36:03.762  [I] [log.go:23]  info
2021/11/20 10:36:04.054  [I] [log.go:12]  database init successfully
2021/11/20 10:36:04.194  [I] [log.go:12]  redis: PONG
2021/11/20 10:36:04.194  [I] [log.go:12]  redis init successfully
2021/11/20 10:38:06.478  [I] [log.go:23]  info
2021/11/20 10:38:06.807  [I] [log.go:12]  database init successfully
2021/11/20 10:38:06.966  [I] [log.go:12]  redis: PONG
2021/11/20 10:38:06.966  [I] [log.go:12]  redis init successfully
2021/11/20 10:46:08.344  [I] [log.go:23]  info
2021/11/20 10:46:08.715  [I] [log.go:12]  database init successfully
2021/11/20 10:46:08.875  [I] [log.go:12]  redis: PONG
2021/11/20 10:46:08.875  [I] [log.go:12]  redis init successfully
2021/11/20 10:46:56.441  [I] [log.go:23]  info
2021/11/20 10:46:56.808  [I] [log.go:12]  database init successfully
2021/11/20 10:46:56.967  [I] [log.go:12]  redis: PONG
2021/11/20 10:46:56.967  [I] [log.go:12]  redis init successfully
2021/11/20 11:32:16.046  [I] [log.go:23]  info
2021/11/20 11:32:16.350  [I] [log.go:12]  database init successfully
2021/11/20 11:32:16.518  [I] [log.go:12]  redis: PONG
2021/11/20 11:32:16.518  [I] [log.go:12]  redis init successfully
2021/11/20 11:33:39.099  [I] [log.go:23]  info
2021/11/20 11:33:39.464  [I] [log.go:12]  database init successfully
2021/11/20 11:33:39.628  [I] [log.go:12]  redis: PONG
2021/11/20 11:33:39.628  [I] [log.go:12]  redis init successfully
2021/11/21 09:35:25.906  [I] [log.go:23]  info
2021/11/21 09:35:27.197  [I] [log.go:12]  database init successfully
2021/11/21 09:35:27.360  [I] [log.go:12]  redis: PONG
2021/11/21 09:35:27.360  [I] [log.go:12]  redis init successfully
2021/11/22 10:14:09.638  [I] [log.go:23]  info
2021/11/22 10:14:10.064  [I] [log.go:12]  database init successfully
2021/11/22 10:14:10.231  [I] [log.go:12]  redis: PONG
2021/11/22 10:14:10.231  [I] [log.go:12]  redis init successfully
2021/11/22 10:57:57.363  [I] [log.go:23]  info
2021/11/22 10:57:57.707  [I] [log.go:12]  database init successfully
2021/11/22 10:57:57.853  [I] [log.go:12]  redis: PONG
2021/11/22 10:57:57.853  [I] [log.go:12]  redis init successfully
2021/11/22 11:09:19.754  [I] [log.go:23]  info
2021/11/22 11:09:20.044  [I] [log.go:12]  database init successfully
2021/11/22 11:09:20.184  [I] [log.go:12]  redis: PONG
2021/11/22 11:09:20.184  [I] [log.go:12]  redis init successfully
2021/11/22 11:13:11.636  [I] [log.go:23]  info
2021/11/22 11:13:11.974  [I] [log.go:12]  database init successfully
2021/11/22 11:13:12.119  [I] [log.go:12]  redis: PONG
2021/11/22 11:13:12.119  [I] [log.go:12]  redis init successfully
2021/11/22 16:37:27.168  [I] [log.go:23]  info
2021/11/22 16:37:27.454  [I] [log.go:12]  database init successfully
2021/11/22 16:37:27.583  [I] [log.go:12]  redis: PONG
2021/11/22 16:37:27.583  [I] [log.go:12]  redis init successfully
2021/11/22 16:40:58.510  [I] [log.go:23]  info
2021/11/22 16:40:58.815  [I] [log.go:12]  database init successfully
2021/11/22 16:40:58.970  [I] [log.go:12]  redis: PONG
2021/11/22 16:40:58.970  [I] [log.go:12]  redis init successfully
2021/11/22 16:43:17.205  [I] [log.go:23]  info
2021/11/22 16:43:17.495  [I] [log.go:12]  database init successfully
2021/11/22 16:43:17.675  [I] [log.go:12]  redis: PONG
2021/11/22 16:43:17.675  [I] [log.go:12]  redis init successfully
2021/11/22 16:44:32.450  [I] [log.go:23]  info
2021/11/22 16:44:32.775  [I] [log.go:12]  database init successfully
2021/11/22 16:44:32.931  [I] [log.go:12]  redis: PONG
2021/11/22 16:44:32.931  [I] [log.go:12]  redis init successfully
2021/11/22 16:45:28.758  [I] [log.go:23]  info
2021/11/22 16:45:29.069  [I] [log.go:12]  database init successfully
2021/11/22 16:45:29.211  [I] [log.go:12]  redis: PONG
2021/11/22 16:45:29.211  [I] [log.go:12]  redis init successfully
2021/11/22 16:46:07.033  [I] [log.go:23]  info
2021/11/22 16:46:07.362  [I] [log.go:12]  database init successfully
2021/11/22 16:46:07.526  [I] [log.go:12]  redis: PONG
2021/11/22 16:46:07.526  [I] [log.go:12]  redis init successfully
2021/11/22 16:46:41.160  [I] [log.go:23]  info
2021/11/22 16:46:41.501  [I] [log.go:12]  database init successfully
2021/11/22 16:46:41.645  [I] [log.go:12]  redis: PONG
2021/11/22 16:46:41.645  [I] [log.go:12]  redis init successfully
2021/11/22 16:47:09.866  [I] [log.go:23]  info
2021/11/22 16:47:10.198  [I] [log.go:12]  database init successfully
2021/11/22 16:47:10.346  [I] [log.go:12]  redis: PONG
2021/11/22 16:47:10.346  [I] [log.go:12]  redis init successfully
2021/11/22 18:00:42.775  [I] [log.go:23]  info
2021/11/22 18:00:43.126  [I] [log.go:12]  database init successfully
2021/11/22 18:00:43.281  [I] [log.go:12]  redis: PONG
2021/11/22 18:00:43.281  [I] [log.go:12]  redis init successfully
2021/11/22 18:14:06.650  [I] [log.go:23]  info
2021/11/22 18:14:06.979  [I] [log.go:12]  database init successfully
2021/11/22 18:14:07.140  [I] [log.go:12]  redis: PONG
2021/11/22 18:14:07.140  [I] [log.go:12]  redis init successfully
2021/11/22 18:43:45.134  [I] [log.go:23]  info
2021/11/22 18:43:45.454  [I] [log.go:12]  database init successfully
2021/11/22 18:43:45.590  [I] [log.go:12]  redis: PONG
2021/11/22 18:43:45.590  [I] [log.go:12]  redis init successfully
2021/11/22 18:52:39.622  [I] [log.go:23]  info
2021/11/22 18:52:39.993  [I] [log.go:12]  database init successfully
2021/11/22 18:52:40.148  [I] [log.go:12]  redis: PONG
2021/11/22 18:52:40.148  [I] [log.go:12]  redis init successfully
2021/11/22 21:38:05.459  [I] [log.go:23]  info
2021/11/22 21:38:05.777  [I] [log.go:12]  database init successfully
2021/11/22 21:38:05.932  [I] [log.go:12]  redis: PONG
2021/11/22 21:38:05.933  [I] [log.go:12]  redis init successfully
2021/11/22 21:38:24.234  [I] [log.go:23]  info
2021/11/22 21:38:24.520  [I] [log.go:12]  database init successfully
2021/11/22 21:38:24.677  [I] [log.go:12]  redis: PONG
2021/11/22 21:38:24.677  [I] [log.go:12]  redis init successfully
2021/11/22 22:52:08.199  [I] [log.go:23]  info
2021/11/22 22:52:08.505  [I] [log.go:12]  database init successfully
2021/11/22 22:52:08.670  [I] [log.go:12]  redis: PONG
2021/11/22 22:52:08.670  [I] [log.go:12]  redis init successfully
2021/11/22 23:01:14.006  [I] [log.go:23]  info
2021/11/22 23:01:14.268  [I] [log.go:12]  database init successfully
2021/11/22 23:01:14.406  [I] [log.go:12]  redis: PONG
2021/11/22 23:01:14.406  [I] [log.go:12]  redis init successfully
2021/11/23 10:42:57.076  [I] [log.go:23]  info
2021/11/23 10:42:58.691  [I] [log.go:12]  database init successfully
2021/11/23 10:42:58.822  [I] [log.go:12]  redis: PONG
2021/11/23 10:42:58.822  [I] [log.go:12]  redis init successfully
2021/11/23 11:05:45.644  [I] [log.go:23]  info
2021/11/23 11:05:45.954  [I] [log.go:12]  database init successfully
2021/11/23 11:05:46.091  [I] [log.go:12]  redis: PONG
2021/11/23 11:05:46.091  [I] [log.go:12]  redis init successfully
2021/11/23 11:07:28.493  [I] [log.go:23]  info
2021/11/23 11:07:28.785  [I] [log.go:12]  database init successfully
2021/11/23 11:07:28.930  [I] [log.go:12]  redis: PONG
2021/11/23 11:07:28.930  [I] [log.go:12]  redis init successfully
2021/11/23 14:58:56.498  [I] [log.go:23]  info
2021/11/23 14:58:56.907  [I] [log.go:12]  database init successfully
2021/11/23 14:58:57.045  [I] [log.go:12]  redis: PONG
2021/11/23 14:58:57.045  [I] [log.go:12]  redis init successfully
2021/11/23 17:04:14.662  [I] [log.go:23]  info
2021/11/23 17:04:15.004  [I] [log.go:12]  database init successfully
2021/11/23 17:04:15.137  [I] [log.go:12]  redis: PONG
2021/11/23 17:04:15.137  [I] [log.go:12]  redis init successfully
2021/11/23 23:09:24.911  [I] [log.go:23]  info
2021/11/23 23:09:25.277  [I] [log.go:12]  database init successfully
2021/11/23 23:09:25.445  [I] [log.go:12]  redis: PONG
2021/11/23 23:09:25.445  [I] [log.go:12]  redis init successfully
2021/11/23 23:10:53.317  [I] [log.go:25]  info
2021/11/23 23:10:53.706  [I] [log.go:13]  database init successfully
2021/11/23 23:10:53.839  [I] [log.go:13]  redis: PONG
2021/11/23 23:10:53.839  [I] [log.go:13]  redis init successfully
2021/11/24 10:16:22.153  [I] [log.go:23]  info
2021/11/24 10:16:22.984  [I] [log.go:12]  database init successfully
2021/11/24 10:16:23.122  [I] [log.go:12]  redis: PONG
2021/11/24 10:16:23.122  [I] [log.go:12]  redis init successfully
2021/11/24 10:17:10.243  [I] [log.go:23]  info
2021/11/24 10:17:10.579  [I] [log.go:12]  database init successfully
2021/11/24 10:17:10.719  [I] [log.go:12]  redis: PONG
2021/11/24 10:17:10.719  [I] [log.go:12]  redis init successfully
2021/11/24 10:19:05.986  [I] [log.go:23]  info
2021/11/24 10:19:06.371  [I] [log.go:12]  database init successfully
2021/11/24 10:19:06.524  [I] [log.go:12]  redis: PONG
2021/11/24 10:19:06.524  [I] [log.go:12]  redis init successfully
2021/11/24 10:23:05.261  [I] [log.go:23]  info
2021/11/24 10:23:05.577  [I] [log.go:12]  database init successfully
2021/11/24 10:23:05.718  [I] [log.go:12]  redis: PONG
2021/11/24 10:23:05.718  [I] [log.go:12]  redis init successfully
2021/11/24 10:33:51.056  [I] [log.go:23]  info
2021/11/24 10:33:51.370  [I] [log.go:12]  database init successfully
2021/11/24 10:33:51.531  [I] [log.go:12]  redis: PONG
2021/11/24 10:33:51.531  [I] [log.go:12]  redis init successfully
2021/11/24 10:35:59.425  [I] [log.go:23]  info
2021/11/24 10:35:59.778  [I] [log.go:12]  database init successfully
2021/11/24 10:35:59.899  [I] [log.go:12]  redis: PONG
2021/11/24 10:35:59.900  [I] [log.go:12]  redis init successfully
2021/11/24 10:36:59.200  [I] [log.go:23]  info
2021/11/24 10:36:59.541  [I] [log.go:12]  database init successfully
2021/11/24 10:36:59.683  [I] [log.go:12]  redis: PONG
2021/11/24 10:36:59.683  [I] [log.go:12]  redis init successfully
2021/11/24 10:39:09.888  [I] [log.go:23]  info
2021/11/24 10:39:10.214  [I] [log.go:12]  database init successfully
2021/11/24 10:39:10.370  [I] [log.go:12]  redis: PONG
2021/11/24 10:39:10.370  [I] [log.go:12]  redis init successfully
2021/11/24 17:38:33.361  [I] [log.go:23]  info
2021/11/24 17:38:33.758  [I] [log.go:12]  database init successfully
2021/11/24 17:38:33.893  [I] [log.go:12]  redis: PONG
2021/11/24 17:38:33.893  [I] [log.go:12]  redis init successfully
2021/11/24 17:39:41.206  [I] [log.go:23]  info
2021/11/24 17:39:41.545  [I] [log.go:12]  database init successfully
2021/11/24 17:39:41.694  [I] [log.go:12]  redis: PONG
2021/11/24 17:39:41.694  [I] [log.go:12]  redis init successfully
2021/11/24 21:08:11.824  [I] [log.go:23]  info
2021/11/24 21:08:12.154  [I] [log.go:12]  database init successfully
2021/11/24 21:08:12.286  [I] [log.go:12]  redis: PONG
2021/11/24 21:08:12.286  [I] [log.go:12]  redis init successfully
2021/11/25 10:40:53.052  [I] [log.go:23]  info
2021/11/25 10:40:54.506  [I] [log.go:12]  database init successfully
2021/11/25 10:40:54.660  [I] [log.go:12]  redis: PONG
2021/11/25 10:40:54.660  [I] [log.go:12]  redis init successfully
2021/11/25 17:15:22.138  [I] [log.go:23]  info
2021/11/25 17:15:22.477  [I] [log.go:12]  database init successfully
2021/11/25 17:15:22.637  [I] [log.go:12]  redis: PONG
2021/11/25 17:15:22.637  [I] [log.go:12]  redis init successfully
2021/11/25 21:23:50.622  [I] [log.go:23]  info
2021/11/25 21:23:50.952  [I] [log.go:12]  database init successfully
2021/11/25 21:23:51.069  [I] [log.go:12]  redis: PONG
2021/11/25 21:23:51.069  [I] [log.go:12]  redis init successfully
2021/11/25 21:25:33.719  [I] [log.go:23]  info
2021/11/25 21:25:34.050  [I] [log.go:12]  database init successfully
2021/11/25 21:25:34.213  [I] [log.go:12]  redis: PONG
2021/11/25 21:25:34.213  [I] [log.go:12]  redis init successfully
2021/11/25 21:26:35.511  [I] [log.go:23]  info
2021/11/25 21:26:35.896  [I] [log.go:12]  database init successfully
2021/11/25 21:26:36.031  [I] [log.go:12]  redis: PONG
2021/11/25 21:26:36.031  [I] [log.go:12]  redis init successfully
2021/11/25 21:34:21.645  [I] [log.go:23]  info
2021/11/25 21:34:21.950  [I] [log.go:12]  database init successfully
2021/11/25 21:34:22.099  [I] [log.go:12]  redis: PONG
2021/11/25 21:34:22.099  [I] [log.go:12]  redis init successfully
2021/11/25 21:44:54.614  [I] [log.go:23]  info
2021/11/25 21:44:54.893  [I] [log.go:12]  database init successfully
2021/11/25 21:44:55.040  [I] [log.go:12]  redis: PONG
2021/11/25 21:44:55.040  [I] [log.go:12]  redis init successfully
2021/11/25 21:53:07.729  [I] [log.go:23]  info
2021/11/25 21:53:08.048  [I] [log.go:12]  database init successfully
2021/11/25 21:53:08.192  [I] [log.go:12]  redis: PONG
2021/11/25 21:53:08.192  [I] [log.go:12]  redis init successfully
2021/11/25 21:54:19.518  [I] [log.go:23]  info
2021/11/25 21:54:19.902  [I] [log.go:12]  database init successfully
2021/11/25 21:54:20.077  [I] [log.go:12]  redis: PONG
2021/11/25 21:54:20.077  [I] [log.go:12]  redis init successfully
2021/11/25 22:24:46.645  [I] [log.go:23]  info
2021/11/25 22:24:46.977  [I] [log.go:12]  database init successfully
2021/11/25 22:24:47.158  [I] [log.go:12]  redis: PONG
2021/11/25 22:24:47.158  [I] [log.go:12]  redis init successfully
2021/11/25 22:37:14.626  [I] [log.go:23]  info
2021/11/25 22:37:14.982  [I] [log.go:12]  database init successfully
2021/11/25 22:37:15.126  [I] [log.go:12]  redis: PONG
2021/11/25 22:37:15.126  [I] [log.go:12]  redis init successfully
2021/11/26 15:59:50.182  [I] [log.go:23]  info
2021/11/26 15:59:50.515  [I] [log.go:12]  database init successfully
2021/11/26 15:59:50.651  [I] [log.go:12]  redis: PONG
2021/11/26 15:59:50.651  [I] [log.go:12]  redis init successfully
2021/11/27 11:51:02.182  [I] [log.go:23]  info
2021/11/27 11:51:03.288  [I] [log.go:12]  database init successfully
2021/11/27 11:51:03.426  [I] [log.go:12]  redis: PONG
2021/11/27 11:51:03.426  [I] [log.go:12]  redis init successfully
2021/11/28 16:36:49.118  [I] [log.go:23]  info
2021/11/28 16:36:49.483  [I] [log.go:12]  database init successfully
2021/11/28 16:36:49.632  [I] [log.go:12]  redis: PONG
2021/11/28 16:36:49.632  [I] [log.go:12]  redis init successfully
2021/11/29 09:11:14.623  [I] [log.go:23]  info
2021/11/29 09:11:14.940  [I] [log.go:12]  database init successfully
2021/11/29 09:11:15.070  [I] [log.go:12]  redis: PONG
2021/11/29 09:11:15.070  [I] [log.go:12]  redis init successfully
2021/11/29 09:11:48.482  [I] [log.go:23]  info
2021/11/29 09:11:48.807  [I] [log.go:12]  database init successfully
2021/11/29 09:11:48.947  [I] [log.go:12]  redis: PONG
2021/11/29 09:11:48.947  [I] [log.go:12]  redis init successfully
2021/11/29 11:19:37.013  [I] [log.go:23]  info
2021/11/29 11:19:37.309  [I] [log.go:12]  database init successfully
2021/11/29 11:19:37.428  [I] [log.go:12]  redis: PONG
2021/11/29 11:19:37.428  [I] [log.go:12]  redis init successfully
2021/12/01 14:10:21.623  [I] [log.go:23]  info
2021/12/01 14:10:22.549  [I] [log.go:12]  database init successfully
2021/12/01 14:10:22.728  [I] [log.go:12]  redis: PONG
2021/12/01 14:10:22.728  [I] [log.go:12]  redis init successfully
2021/12/02 10:17:32.054  [I] [log.go:23]  info
2021/12/02 10:17:32.753  [I] [log.go:12]  database init successfully
2021/12/02 10:17:32.897  [I] [log.go:12]  redis: PONG
2021/12/02 10:17:32.897  [I] [log.go:12]  redis init successfully
2021/12/02 10:34:54.342  [I] [log.go:23]  info
2021/12/02 10:34:54.927  [I] [log.go:12]  database init successfully
2021/12/02 10:34:55.082  [I] [log.go:12]  redis: PONG
2021/12/02 10:34:55.082  [I] [log.go:12]  redis init successfully
2021/12/02 10:52:20.115  [I] [log.go:23]  info
2021/12/02 10:52:20.939  [I] [log.go:12]  database init successfully
2021/12/02 10:52:21.197  [I] [log.go:12]  redis: PONG
2021/12/02 10:52:21.197  [I] [log.go:12]  redis init successfully
2021/12/02 11:00:49.428  [I] [log.go:23]  info
2021/12/02 11:00:50.769  [I] [log.go:12]  database init successfully
2021/12/02 11:00:51.019  [I] [log.go:12]  redis: PONG
2021/12/02 11:00:51.019  [I] [log.go:12]  redis init successfully
2021/12/02 11:14:06.641  [I] [log.go:23]  info
2021/12/02 11:14:07.280  [I] [log.go:12]  database init successfully
2021/12/02 11:14:07.410  [I] [log.go:12]  redis: PONG
2021/12/02 11:14:07.410  [I] [log.go:12]  redis init successfully
2021/12/02 12:45:23.658  [I] [log.go:23]  info
2021/12/02 12:45:24.121  [I] [log.go:12]  database init successfully
2021/12/02 12:45:24.328  [I] [log.go:12]  redis: PONG
2021/12/02 12:45:24.328  [I] [log.go:12]  redis init successfully
2021/12/02 12:47:30.195  [I] [log.go:23]  info
2021/12/02 12:47:30.555  [I] [log.go:12]  database init successfully
2021/12/02 12:47:30.719  [I] [log.go:12]  redis: PONG
2021/12/02 12:47:30.719  [I] [log.go:12]  redis init successfully
2021/12/02 12:49:12.374  [I] [log.go:23]  info
2021/12/02 12:49:12.741  [I] [log.go:12]  database init successfully
2021/12/02 12:49:12.864  [I] [log.go:12]  redis: PONG
2021/12/02 12:49:12.864  [I] [log.go:12]  redis init successfully
2021/12/02 13:11:56.085  [I] [log.go:23]  info
2021/12/02 13:11:56.718  [I] [log.go:12]  database init successfully
2021/12/02 13:11:56.928  [I] [log.go:12]  redis: PONG
2021/12/02 13:11:56.928  [I] [log.go:12]  redis init successfully
2021/12/02 13:31:06.913  [I] [log.go:23]  info
2021/12/02 13:31:07.329  [I] [log.go:12]  database init successfully
2021/12/02 13:31:07.565  [I] [log.go:12]  redis: PONG
2021/12/02 13:31:07.566  [I] [log.go:12]  redis init successfully
2021/12/02 13:36:21.498  [I] [log.go:23]  info
2021/12/02 13:36:21.936  [I] [log.go:12]  database init successfully
2021/12/02 13:36:22.070  [I] [log.go:12]  redis: PONG
2021/12/02 13:36:22.070  [I] [log.go:12]  redis init successfully
2021/12/02 13:52:01.290  [I] [log.go:23]  info
2021/12/02 13:52:01.619  [I] [log.go:12]  database init successfully
2021/12/02 13:52:01.746  [I] [log.go:12]  redis: PONG
2021/12/02 13:52:01.746  [I] [log.go:12]  redis init successfully
2021/12/02 13:53:20.173  [I] [log.go:23]  info
2021/12/02 13:53:20.550  [I] [log.go:12]  database init successfully
2021/12/02 13:53:20.690  [I] [log.go:12]  redis: PONG
2021/12/02 13:53:20.690  [I] [log.go:12]  redis init successfully
2021/12/02 14:03:27.959  [I] [log.go:23]  info
2021/12/02 14:03:28.322  [I] [log.go:12]  database init successfully
2021/12/02 14:03:28.470  [I] [log.go:12]  redis: PONG
2021/12/02 14:03:28.470  [I] [log.go:12]  redis init successfully
2021/12/02 14:03:42.367  [I] [log.go:23]  info
2021/12/02 14:03:42.706  [I] [log.go:12]  database init successfully
2021/12/02 14:03:42.869  [I] [log.go:12]  redis: PONG
2021/12/02 14:03:42.869  [I] [log.go:12]  redis init successfully
2021/12/02 14:13:49.777  [I] [log.go:23]  info
2021/12/02 14:13:50.081  [I] [log.go:12]  database init successfully
2021/12/02 14:13:50.222  [I] [log.go:12]  redis: PONG
2021/12/02 14:13:50.222  [I] [log.go:12]  redis init successfully
2021/12/02 14:36:28.306  [I] [log.go:23]  info
2021/12/02 14:36:28.634  [I] [log.go:12]  database init successfully
2021/12/02 14:36:28.799  [I] [log.go:12]  redis: PONG
2021/12/02 14:36:28.799  [I] [log.go:12]  redis init successfully
2021/12/02 14:37:34.612  [I] [log.go:23]  info
2021/12/02 14:37:34.985  [I] [log.go:12]  database init successfully
2021/12/02 14:37:35.148  [I] [log.go:12]  redis: PONG
2021/12/02 14:37:35.148  [I] [log.go:12]  redis init successfully
2021/12/16 15:08:53.065  [I] [log.go:23]  info
2021/12/16 15:08:55.049  [I] [log.go:12]  database init successfully
2021/12/16 15:08:55.162  [I] [log.go:12]  redis: PONG
2021/12/16 15:08:55.162  [I] [log.go:12]  redis init successfully
2021/12/28 18:36:00.448  [I] [log.go:23]  info
2021/12/28 18:36:01.964  [I] [log.go:12]  database init successfully
2021/12/28 18:36:02.113  [I] [log.go:12]  redis: PONG
2021/12/28 18:36:02.113  [I] [log.go:12]  redis init successfully
